TN:
SF:index.ts
FNF:1
FNH:1
DA:2,64
DA:13,263
DA:27,46
DA:28,56
DA:29,65
DA:35,46
DA:36,46
DA:37,138
DA:54,120
DA:64,112
DA:74,67
DA:89,68
DA:97,137
DA:112,44
DA:137,81
DA:138,79
DA:139,66
DA:143,55
DA:146,57
DA:149,79
DA:158,161
LF:21
LH:21
end_of_record
TN:
SF:src/card/card-key.ts
FNF:5
FNH:5
DA:1,33
DA:3,20
DA:4,122
DA:14,41
DA:15,15
DA:16,19
DA:17,30
DA:21,10
DA:22,34
DA:23,52
DA:24,2
DA:36,15
DA:37,72
DA:38,30
DA:39,18
DA:51,18
DA:52,61
DA:53,49
DA:54,2
DA:55,30
DA:66,25
DA:67,40
LF:22
LH:22
end_of_record
TN:
SF:src/card/errors.ts
FNF:9
FNH:9
DA:7,1
DA:8,41
DA:9,38
DA:10,75
DA:12,2
DA:18,93
DA:19,33
DA:20,76
DA:21,71
DA:23,2
DA:29,103
DA:30,33
DA:31,86
DA:32,81
DA:34,2
DA:40,105
DA:41,27
DA:42,130
DA:43,83
DA:45,2
DA:51,101
DA:52,41
DA:53,38
DA:54,79
DA:56,2
DA:62,100
DA:63,13
DA:64,18
DA:65,155
DA:66,10
DA:67,38
DA:68,77
DA:70,2
DA:76,105
DA:77,41
DA:78,38
DA:79,83
DA:81,2
DA:87,109
DA:88,27
DA:89,152
DA:90,87
DA:92,2
DA:100,94
DA:101,13
DA:102,140
DA:103,171
DA:104,10
DA:105,110
DA:106,71
DA:108,1
LF:51
LH:51
end_of_record
TN:
SF:src/card/markdown.ts
FNF:11
FNH:11
DA:8,46
DA:10,10
DA:11,32
DA:14,11
DA:15,69
DA:18,18
DA:19,57
DA:20,68
DA:21,2
DA:22,12
DA:25,11
DA:26,29
DA:27,31
DA:28,64
DA:29,2
DA:31,17
DA:32,30
DA:33,57
DA:34,64
DA:35,4
DA:36,31
DA:37,2
DA:39,10
DA:42,11
DA:43,29
DA:44,31
DA:45,69
DA:46,2
DA:48,17
DA:49,30
DA:50,45
DA:51,69
DA:52,4
DA:53,20
DA:54,16
DA:55,50
DA:56,50
DA:57,53
DA:58,5
DA:59,2
DA:60,11
DA:63,43
DA:65,11
DA:66,72
DA:67,114
DA:68,2
DA:69,12
DA:72,11
DA:73,29
DA:74,31
DA:75,69
DA:76,2
DA:78,17
DA:79,30
DA:80,57
DA:81,108
DA:82,4
DA:83,17
DA:84,2
DA:85,10
DA:88,11
DA:89,29
DA:90,31
DA:91,68
DA:92,2
DA:94,17
DA:95,30
DA:96,57
DA:97,107
DA:98,4
DA:99,17
DA:100,2
DA:101,10
DA:104,9
DA:105,63
DA:106,74
DA:107,2
DA:109,17
DA:111,30
DA:112,31
DA:113,66
DA:114,2
DA:116,17
DA:117,36
DA:118,48
DA:119,11
DA:120,37
DA:121,4
DA:123,30
DA:124,48
DA:125,2
DA:127,53
DA:128,55
DA:130,56
DA:131,58
DA:133,56
DA:134,58
DA:136,41
DA:137,43
DA:139,11
DA:143,19
DA:144,49
DA:145,37
DA:147,28
DA:148,57
DA:149,2
DA:151,15
DA:152,45
DA:153,30
DA:154,14
DA:155,5
DA:156,2
DA:157,2
DA:159,20
DA:160,62
DA:161,2
DA:163,48
DA:164,45
DA:166,10
DA:167,9
DA:168,34
DA:169,17
DA:170,30
DA:171,55
DA:172,3
DA:175,28
DA:176,88
DA:177,2
DA:179,45
DA:180,29
DA:184,28
DA:185,65
DA:186,33
DA:187,20
LF:134
LH:134
end_of_record
TN:
SF:src/card/validation.ts
FNF:10
FNH:9
DA:1,92
DA:9,24
DA:11,19
DA:13,16
DA:15,17
DA:17,16
DA:19,27
DA:21,28
DA:23,26
DA:25,15
DA:27,28
DA:29,26
DA:30,2
DA:55,16
DA:56,77
DA:59,58
DA:60,30
DA:61,80
DA:62,1
DA:63,2
DA:66,31
DA:67,32
DA:68,58
DA:69,4
DA:70,47
DA:71,30
DA:72,92
DA:73,1
DA:74,2
DA:75,2
DA:78,61
DA:79,30
DA:80,83
DA:81,1
DA:82,2
DA:85,28
DA:86,42
DA:87,30
DA:88,78
DA:89,1
DA:90,4
DA:91,30
DA:92,30
DA:93,59
DA:94,6
DA:95,42
DA:96,30
DA:97,66
DA:98,1
DA:99,4
DA:100,2
DA:101,2
DA:104,33
DA:105,47
DA:106,30
DA:107,88
DA:108,1
DA:109,4
DA:110,35
DA:111,30
DA:112,64
DA:113,6
DA:114,53
DA:115,30
DA:116,82
DA:117,1
DA:118,4
DA:119,2
DA:121,2
DA:124,33
DA:125,47
DA:126,30
DA:127,88
DA:128,1
DA:129,4
DA:130,36
DA:131,36
DA:132,64
DA:133,6
DA:134,38
DA:135,66
DA:136,6
DA:137,62
DA:138,30
DA:139,85
DA:140,1
DA:141,6
DA:142,58
DA:143,30
DA:144,86
DA:145,1
DA:146,4
DA:147,2
DA:148,2
DA:151,32
DA:152,58
DA:153,30
DA:154,101
DA:155,1
DA:156,4
DA:157,38
DA:158,34
DA:159,67
DA:160,6
DA:161,58
DA:162,30
DA:163,86
DA:164,1
DA:165,6
DA:167,13
DA:168,28
DA:169,0
DA:170,4
DA:172,2
DA:173,2
DA:178,28
DA:183,25
DA:184,46
DA:185,72
DA:186,2
DA:194,35
DA:195,51
DA:196,17
DA:197,72
DA:198,2
DA:199,33
DA:201,31
DA:202,35
DA:203,32
DA:204,57
DA:205,1
DA:206,2
DA:207,35
DA:208,53
DA:209,0
DA:210,0
DA:211,0
DA:212,2
DA:213,3
DA:219,34
DA:220,26
DA:221,57
DA:222,31
DA:223,114
DA:224,4
DA:225,48
DA:226,32
DA:227,2
DA:233,34
DA:234,36
DA:235,30
DA:236,82
DA:237,4
DA:238,45
DA:239,71
DA:240,2
DA:241,2
DA:247,32
DA:248,54
DA:249,34
DA:250,33
DA:251,56
DA:252,32
DA:253,88
DA:254,1
DA:255,2
DA:256,2
DA:264,6
DA:265,5
DA:266,6
DA:267,3
DA:268,38
DA:271,19
DA:273,37
DA:274,28
DA:275,56
DA:276,22
DA:277,0
DA:278,0
DA:279,0
DA:280,0
DA:281,0
DA:282,0
DA:283,0
DA:284,0
DA:285,0
DA:286,0
DA:287,0
DA:288,0
DA:289,0
DA:290,3
DA:292,51
DA:293,25
DA:294,43
DA:295,41
DA:297,16
DA:298,0
DA:299,0
DA:300,0
DA:301,0
DA:302,0
DA:303,0
DA:304,0
DA:305,15
DA:307,28
DA:309,20
DA:310,4
DA:311,14
DA:312,0
DA:313,2
DA:314,2
DA:316,26
DA:317,70
DA:318,2
DA:325,6
DA:326,5
DA:327,6
DA:328,8
DA:329,3
DA:330,52
DA:332,9
DA:333,67
DA:334,19
DA:335,15
DA:336,45
DA:337,14
DA:338,0
DA:339,0
LF:228
LH:201
end_of_record
TN:
SF:src/config-file.ts
FNF:10
FNH:10
DA:9,45
DA:10,37
DA:11,52
DA:35,52
DA:36,52
DA:38,65
DA:44,22
DA:45,52
DA:46,74
DA:47,1
DA:50,1
DA:51,5
DA:52,5
DA:53,8
DA:54,20
DA:55,3
DA:56,29
DA:57,23
DA:58,24
DA:59,0
DA:60,0
DA:61,2
DA:62,40
DA:63,31
DA:64,0
DA:65,2
DA:66,2
DA:67,36
DA:68,0
DA:69,1
DA:72,1
DA:73,5
DA:74,5
DA:75,8
DA:76,5
DA:77,5
DA:78,3
DA:79,27
DA:80,0
DA:81,0
DA:82,0
DA:83,0
DA:84,0
DA:85,0
DA:86,0
DA:87,0
DA:88,0
DA:89,0
DA:90,1
DA:93,33
DA:94,13
DA:95,11
DA:96,16
DA:97,18
DA:98,19
DA:99,22
DA:100,3
DA:108,6
DA:109,5
DA:110,10
DA:111,3
DA:112,71
DA:113,18
DA:114,31
DA:115,68
DA:116,12
DA:117,2
DA:118,2
DA:120,18
DA:121,20
DA:124,40
DA:125,36
DA:126,41
DA:127,2
DA:128,2
DA:131,40
DA:132,38
DA:133,43
DA:136,50
DA:137,57
DA:140,57
DA:142,27
DA:143,18
DA:144,31
DA:145,31
DA:146,12
DA:147,2
DA:148,2
DA:151,40
DA:153,17
DA:154,37
DA:155,39
DA:156,41
DA:158,15
DA:159,35
DA:160,37
DA:161,39
DA:163,20
DA:164,40
DA:165,42
DA:166,11
DA:168,59
DA:169,22
DA:170,11
DA:172,61
DA:173,2
DA:174,4
DA:176,76
DA:177,2
DA:178,3
DA:180,12
DA:181,13
DA:182,11
DA:183,16
DA:184,18
DA:185,19
DA:186,21
DA:187,2
DA:193,6
DA:194,9
DA:195,3
DA:196,36
DA:197,33
DA:198,37
DA:199,17
DA:200,18
DA:201,29
DA:202,51
DA:203,21
DA:204,2
DA:205,2
DA:207,11
DA:208,9
DA:209,27
DA:210,0
DA:211,0
DA:212,0
DA:213,0
DA:214,0
DA:215,2
DA:218,13
DA:219,9
DA:220,34
DA:221,15
DA:222,18
DA:223,26
DA:224,71
DA:225,21
DA:226,4
DA:229,42
DA:236,6
DA:237,4
DA:238,3
DA:239,56
DA:241,42
DA:242,45
DA:243,54
DA:244,18
DA:245,36
DA:246,2
DA:247,2
DA:250,35
DA:257,6
DA:258,8
DA:259,6
DA:264,3
DA:265,15
DA:266,14
DA:267,66
DA:268,70
DA:269,79
DA:270,2
DA:276,18
DA:277,12
DA:278,50
DA:279,46
DA:280,27
DA:281,29
DA:282,23
DA:283,24
DA:284,1
LF:181
LH:162
end_of_record
TN:
SF:src/db/card-repo.ts
FNF:10
FNH:10
DA:1,114
DA:5,64
DA:7,59
DA:10,66
DA:12,31
DA:13,150
DA:14,43
DA:17,46
DA:18,170
DA:19,43
DA:22,28
DA:23,16
DA:24,26
DA:25,24
DA:26,52
DA:27,46
DA:28,28
DA:29,58
DA:30,54
DA:31,46
DA:32,54
DA:33,78
DA:34,46
DA:35,62
DA:36,60
DA:37,10
DA:38,6
DA:39,20
DA:42,33
DA:43,112
DA:46,33
DA:47,184
DA:48,55
DA:51,32
DA:52,52
DA:53,152
DA:54,140
DA:55,152
DA:56,128
DA:57,184
DA:60,47
DA:61,94
DA:62,58
DA:63,16
DA:64,642
DA:70,458
DA:71,4
DA:72,8
DA:73,24
DA:74,32
DA:75,78
DA:76,72
DA:77,93
DA:78,90
DA:79,2
DA:80,16
DA:81,27
DA:82,9
DA:84,143
DA:86,87
DA:87,30
DA:88,90
DA:89,13
DA:90,145
DA:91,9
DA:93,35
DA:94,111
DA:95,9
DA:96,87
DA:99,32
DA:100,60
DA:101,22
DA:102,46
DA:103,16
DA:104,564
DA:110,4
DA:111,27
DA:112,17
DA:114,104
DA:115,16
DA:116,7
DA:117,19
DA:121,34
DA:122,143
DA:125,35
DA:126,50
DA:127,76
DA:129,139
DA:130,104
DA:131,62
DA:132,58
DA:133,42
DA:134,9
DA:136,38
DA:138,2
LF:95
LH:95
end_of_record
TN:
SF:src/db/changelog-repo.ts
FNF:3
FNH:3
DA:1,78
DA:5,81
DA:8,66
DA:10,32
DA:11,16
DA:12,44
DA:13,28
DA:14,58
DA:15,50
DA:16,62
DA:17,62
DA:18,66
DA:19,60
DA:20,6
DA:21,20
DA:24,69
DA:25,30
DA:26,18
DA:27,40
DA:28,84
DA:29,78
DA:30,26
DA:31,16
DA:33,2
LF:24
LH:24
end_of_record
TN:
SF:src/db/classification-repo.ts
FNF:6
FNH:6
DA:1,94
DA:5,79
DA:8,66
DA:10,55
DA:11,140
DA:12,78
DA:14,65
DA:15,138
DA:16,9
DA:18,42
DA:19,78
DA:20,20
DA:21,64
DA:22,20
DA:24,61
DA:25,138
DA:26,9
DA:29,44
DA:30,42
DA:31,54
DA:32,28
DA:33,84
DA:34,72
DA:35,20
DA:36,65
DA:39,45
DA:40,140
DA:43,28
DA:44,167
DA:46,2
LF:30
LH:30
end_of_record
TN:
SF:src/db/code-link-repo.ts
FNF:6
FNH:6
DA:1,76
DA:6,71
DA:9,66
DA:11,58
DA:12,144
DA:13,78
DA:16,50
DA:17,44
DA:18,65
DA:19,134
DA:20,57
DA:21,44
DA:22,48
DA:23,9
DA:24,9
DA:26,67
DA:27,26
DA:28,16
DA:29,34
DA:30,150
DA:31,27
DA:32,38
DA:33,112
DA:34,157
DA:37,9
DA:40,43
DA:41,30
DA:42,18
DA:43,30
DA:44,74
DA:45,17
DA:48,68
DA:49,69
DA:50,30
DA:51,18
DA:52,30
DA:53,146
DA:54,15
DA:55,9
DA:56,30
DA:57,18
DA:58,30
DA:59,78
DA:60,17
DA:63,42
DA:64,30
DA:65,18
DA:66,30
DA:67,70
DA:68,17
DA:71,45
DA:72,143
DA:74,2
LF:53
LH:53
end_of_record
TN:
SF:src/db/connection.ts
FNF:6
FNH:6
DA:1,49
DA:2,58
DA:3,38
DA:4,36
DA:5,48
DA:6,36
DA:8,35
DA:9,52
DA:13,6
DA:14,52
DA:15,77
DA:16,32
DA:17,62
DA:18,0
DA:19,0
DA:22,8
DA:23,28
DA:24,42
DA:25,41
DA:26,43
DA:32,15
DA:33,29
DA:34,48
DA:35,2
DA:36,36
DA:37,63
DA:38,23
DA:39,23
DA:40,10
DA:46,13
DA:47,59
DA:50,13
DA:51,21
DA:59,13
DA:60,9
LF:35
LH:33
end_of_record
TN:
SF:src/db/relation-repo.ts
FNF:4
FNH:4
DA:1,76
DA:5,79
DA:8,66
DA:10,66
DA:15,16
DA:16,42
DA:17,168
DA:18,20
DA:19,16
DA:20,42
DA:21,166
DA:22,20
DA:26,77
DA:27,26
DA:28,16
DA:29,42
DA:30,36
DA:31,60
DA:32,58
DA:33,48
DA:34,6
DA:35,28
DA:37,16
DA:38,42
DA:39,36
DA:40,58
DA:41,60
DA:42,46
DA:43,6
DA:44,27
DA:45,38
DA:46,112
DA:47,157
DA:50,9
DA:53,43
DA:54,30
DA:55,18
DA:56,38
DA:57,88
DA:58,17
DA:61,45
DA:62,166
DA:63,165
DA:65,2
LF:44
LH:44
end_of_record
TN:
SF:src/db/schema.ts
FNF:11
FNH:5
DA:1,119
DA:11,31
DA:12,8
DA:13,3
DA:14,32
DA:15,37
DA:16,35
DA:17,31
DA:18,25
DA:19,38
DA:20,21
DA:21,40
DA:22,40
DA:23,1
DA:24,14
DA:25,44
DA:26,49
DA:27,40
DA:28,44
DA:29,69
DA:30,20
DA:31,21
DA:33,3
DA:35,40
DA:36,56
DA:37,38
DA:38,3
DA:40,34
DA:41,12
DA:42,3
DA:43,26
DA:44,10
DA:45,60
DA:46,25
DA:47,10
DA:48,37
DA:49,1
DA:50,14
DA:51,56
DA:52,47
DA:53,42
DA:55,3
DA:57,39
DA:58,17
DA:59,3
DA:60,56
DA:61,33
DA:62,10
DA:63,60
DA:64,33
DA:65,10
DA:66,60
DA:67,79
DA:68,1
DA:69,14
DA:70,54
DA:71,54
DA:72,88
DA:74,3
DA:77,49
DA:78,19
DA:79,27
DA:80,19
DA:81,3
DA:83,40
DA:84,18
DA:85,3
DA:86,56
DA:87,26
DA:88,10
DA:89,60
DA:90,33
DA:91,30
DA:92,30
DA:93,42
DA:94,40
DA:95,1
DA:96,14
DA:97,48
DA:98,54
DA:100,3
DA:102,35
DA:103,13
DA:104,3
DA:105,56
DA:106,26
DA:107,10
DA:108,60
DA:109,31
DA:110,31
DA:111,33
DA:112,1
DA:113,14
DA:114,48
DA:115,49
DA:116,45
DA:117,84
DA:119,2
LF:98
LH:98
end_of_record
TN:
SF:src/fs/package-root.ts
FNF:1
FNH:1
DA:1,45
DA:2,37
DA:8,15
DA:9,26
DA:10,17
DA:11,64
DA:12,32
DA:13,28
DA:14,15
DA:15,0
LF:10
LH:9
end_of_record
TN:
SF:src/fs/reader.ts
FNF:2
FNH:2
DA:2,53
DA:4,18
DA:5,47
DA:6,41
DA:7,30
LF:5
LH:5
end_of_record
TN:
SF:src/fs/writer.ts
FNF:4
FNH:4
DA:2,57
DA:4,24
DA:5,66
DA:6,34
DA:9,18
DA:10,34
DA:11,29
DA:12,22
DA:13,1
LF:9
LH:9
end_of_record
TN:
SF:src/mcp/tools.ts
FNF:49
FNH:41
DA:8,27
DA:11,43
DA:12,53
DA:13,61
DA:14,43
DA:15,43
DA:16,135
DA:25,98
DA:31,91
DA:36,64
DA:40,65
DA:44,134
DA:51,40
DA:55,10
DA:56,75
DA:59,9
DA:60,47
DA:61,65
DA:66,92
DA:67,58
DA:68,48
DA:89,22
DA:92,20
DA:93,25
DA:94,5
DA:95,13
DA:96,213
DA:99,132
DA:100,29
DA:101,80
DA:102,67
DA:103,61
DA:104,120
DA:105,64
DA:106,117
DA:107,149
DA:108,83
DA:109,78
DA:110,95
DA:111,13
DA:112,2
DA:113,9
DA:124,5
DA:125,11
DA:126,49
DA:127,18
DA:128,19
DA:129,17
DA:132,4
DA:134,20
DA:135,31
DA:136,5
DA:137,13
DA:138,248
DA:141,29
DA:142,33
DA:143,65
DA:144,57
DA:145,49
DA:146,82
DA:147,66
DA:148,84
DA:149,65
DA:150,62
DA:151,80
DA:152,97
DA:153,49
DA:154,13
DA:155,2
DA:156,0
DA:157,0
DA:158,0
DA:159,0
DA:160,0
DA:161,0
DA:162,0
DA:163,0
DA:164,0
DA:165,0
DA:166,0
DA:167,0
DA:168,0
DA:169,0
DA:170,0
DA:171,0
DA:172,0
DA:173,0
DA:177,4
DA:179,20
DA:180,22
DA:181,5
DA:182,13
DA:183,180
DA:186,29
DA:187,63
DA:188,97
DA:189,13
DA:190,2
DA:191,14
DA:192,11
DA:193,53
DA:194,41
DA:195,9
DA:196,18
DA:197,19
DA:198,17
DA:201,4
DA:203,20
DA:204,25
DA:205,5
DA:206,13
DA:207,304
DA:211,29
DA:212,43
DA:213,61
DA:214,62
DA:215,59
DA:216,99
DA:217,82
DA:218,106
DA:219,39
DA:220,110
DA:221,50
DA:222,128
DA:223,88
DA:224,106
DA:225,100
DA:226,13
DA:227,2
DA:228,9
DA:240,5
DA:241,11
DA:242,38
DA:243,56
DA:244,18
DA:245,19
DA:246,17
DA:249,4
DA:251,20
DA:252,32
DA:253,5
DA:254,13
DA:255,175
DA:258,29
DA:259,43
DA:260,48
DA:261,98
DA:262,13
DA:263,2
DA:264,14
DA:265,11
DA:266,85
DA:267,18
DA:268,19
DA:269,17
DA:272,4
DA:274,20
DA:275,25
DA:276,5
DA:277,13
DA:278,171
DA:281,29
DA:282,43
DA:283,94
DA:284,13
DA:285,2
DA:286,14
DA:287,11
DA:288,76
DA:289,18
DA:290,19
DA:291,17
DA:294,4
DA:296,20
DA:297,25
DA:298,5
DA:299,13
DA:300,226
DA:303,29
DA:304,51
DA:305,44
DA:306,13
DA:307,2
DA:308,14
DA:309,11
DA:310,67
DA:311,18
DA:312,19
DA:313,17
DA:316,4
DA:320,20
DA:321,24
DA:322,5
DA:323,13
DA:324,176
DA:326,29
DA:327,65
DA:328,68
DA:329,74
DA:330,64
DA:331,76
DA:332,110
DA:333,68
DA:334,13
DA:335,2
DA:336,10
DA:344,5
DA:345,11
DA:346,24
DA:347,56
DA:348,50
DA:349,29
DA:350,26
DA:351,28
DA:352,35
DA:353,29
DA:354,86
DA:355,17
DA:356,0
DA:357,0
DA:360,4
DA:362,20
DA:363,26
DA:364,5
DA:365,13
DA:366,194
DA:369,29
DA:370,54
DA:371,68
DA:372,62
DA:373,13
DA:374,2
DA:375,15
DA:376,11
DA:377,53
DA:378,24
DA:379,25
DA:380,9
DA:381,17
DA:382,0
DA:383,0
DA:386,4
DA:388,20
DA:389,30
DA:390,5
DA:391,13
DA:392,269
DA:395,29
DA:396,43
DA:397,101
DA:398,13
DA:399,2
DA:400,14
DA:401,11
DA:402,80
DA:403,18
DA:404,19
DA:405,17
DA:408,4
DA:410,20
DA:411,27
DA:412,5
DA:413,13
DA:414,219
DA:417,29
DA:418,48
DA:419,85
DA:420,13
DA:421,2
DA:422,0
DA:423,0
DA:424,0
DA:425,0
DA:426,0
DA:430,4
DA:432,20
DA:433,32
DA:434,5
DA:435,13
DA:436,152
DA:438,29
DA:439,52
DA:440,70
DA:441,97
DA:442,13
DA:443,2
DA:444,15
DA:445,11
DA:446,56
DA:447,32
DA:448,31
DA:449,9
DA:450,17
DA:451,0
DA:452,0
DA:455,4
DA:457,20
DA:458,33
DA:459,5
DA:460,13
DA:461,125
DA:463,29
DA:464,40
DA:465,13
DA:466,2
DA:467,15
DA:468,11
DA:469,54
DA:470,17
DA:471,0
DA:472,0
DA:475,4
DA:479,20
DA:480,33
DA:481,5
DA:482,13
DA:483,118
DA:485,29
DA:486,71
DA:487,13
DA:488,2
DA:489,14
DA:490,11
DA:491,49
DA:492,29
DA:493,19
DA:494,17
DA:497,4
DA:499,20
DA:500,29
DA:501,5
DA:502,13
DA:503,178
DA:506,29
DA:507,87
DA:508,13
DA:509,2
DA:510,14
DA:511,11
DA:512,60
DA:513,17
DA:514,0
DA:515,1
DA:518,4
DA:520,20
DA:521,28
DA:522,5
DA:523,13
DA:524,221
DA:527,29
DA:528,91
DA:529,13
DA:530,2
DA:531,14
DA:532,11
DA:533,60
DA:534,17
DA:535,0
DA:536,1
DA:539,4
DA:541,20
DA:542,33
DA:543,5
DA:544,13
DA:545,130
DA:547,29
DA:548,40
DA:549,13
DA:550,2
DA:551,14
DA:552,11
DA:553,61
DA:554,24
DA:555,19
DA:556,17
DA:559,4
DA:563,20
DA:564,32
DA:565,5
DA:566,13
DA:567,156
DA:569,29
DA:570,40
DA:571,13
DA:572,2
DA:573,14
DA:574,11
DA:575,63
DA:576,18
DA:577,19
DA:578,17
DA:581,4
DA:583,20
DA:584,34
DA:585,5
DA:586,13
DA:587,258
DA:590,29
DA:591,67
DA:592,109
DA:593,13
DA:594,2
DA:595,14
DA:596,11
DA:597,82
DA:598,17
DA:599,0
DA:600,1
DA:603,4
DA:605,20
DA:606,33
DA:607,5
DA:608,13
DA:609,267
DA:613,29
DA:614,80
DA:615,13
DA:616,2
DA:617,14
DA:618,11
DA:619,22
DA:620,62
DA:621,17
DA:622,6
DA:624,43
DA:625,25
DA:626,37
DA:627,15
DA:628,68
DA:629,13
DA:632,6
DA:633,19
DA:634,19
DA:635,17
DA:638,4
DA:642,20
DA:643,25
DA:644,5
DA:645,13
DA:646,95
DA:647,63
DA:648,88
DA:649,35
DA:650,29
DA:651,84
DA:652,77
DA:653,106
DA:654,13
DA:655,2
DA:656,14
DA:657,11
DA:658,56
DA:659,32
DA:660,41
DA:661,9
DA:662,17
DA:663,0
DA:664,1
DA:667,4
DA:669,20
DA:670,32
DA:671,5
DA:672,13
DA:673,246
DA:676,29
DA:677,72
DA:678,13
DA:679,2
DA:680,15
DA:681,11
DA:682,56
DA:683,17
DA:684,0
DA:685,0
DA:688,4
DA:692,20
DA:693,30
DA:694,5
DA:695,13
DA:696,265
DA:700,29
DA:701,77
DA:702,97
DA:703,13
DA:704,2
DA:705,15
DA:706,11
DA:707,67
DA:708,17
DA:709,0
DA:710,0
DA:713,4
DA:715,20
DA:716,30
DA:717,5
DA:718,13
DA:719,230
DA:722,29
DA:723,68
DA:724,13
DA:725,2
DA:726,14
DA:727,11
DA:728,67
DA:729,17
DA:730,0
DA:731,1
DA:734,4
DA:738,20
DA:739,35
DA:740,5
DA:741,13
DA:742,300
DA:746,36
DA:747,2
DA:748,0
DA:749,0
DA:750,0
DA:751,0
DA:752,0
DA:756,4
DA:758,20
DA:759,33
DA:760,5
DA:761,13
DA:762,221
DA:765,29
DA:766,83
DA:767,13
DA:768,2
DA:769,0
DA:770,0
DA:771,0
DA:772,0
DA:773,0
DA:777,4
DA:779,20
DA:780,31
DA:781,5
DA:782,13
DA:783,270
DA:787,29
DA:788,40
DA:789,13
DA:790,2
DA:791,0
DA:792,0
DA:793,0
DA:794,0
DA:795,0
DA:799,4
DA:803,20
DA:804,35
DA:805,5
DA:806,13
DA:807,206
DA:810,29
DA:811,109
DA:812,113
DA:813,94
DA:814,99
DA:815,13
DA:816,2
DA:817,0
DA:818,0
DA:819,0
DA:820,0
DA:821,0
DA:822,0
DA:823,0
DA:824,0
DA:825,0
DA:826,0
DA:830,4
DA:832,20
DA:833,32
DA:834,5
DA:835,13
DA:836,164
DA:838,85
DA:839,29
DA:840,96
DA:841,91
DA:842,13
DA:843,2
DA:844,0
DA:845,0
DA:846,0
DA:847,0
DA:848,0
DA:852,4
DA:854,20
DA:855,21
DA:856,5
DA:857,13
DA:858,244
DA:861,29
DA:862,115
DA:863,13
DA:864,2
DA:865,0
DA:866,0
DA:867,0
DA:868,0
DA:869,0
DA:873,3
LF:606
LH:531
end_of_record
TN:
SF:src/ops/analyze.ts
FNF:4
FNH:4
DA:2,39
DA:3,50
DA:50,34
DA:60,6
DA:61,5
DA:62,8
DA:63,3
DA:64,52
DA:67,82
DA:71,39
DA:72,66
DA:77,17
DA:78,18
DA:79,26
DA:80,27
DA:82,42
DA:83,41
DA:85,26
DA:87,16
DA:88,23
DA:89,22
DA:90,30
DA:91,34
DA:92,38
DA:93,33
DA:94,8
DA:95,25
DA:96,53
DA:97,37
DA:98,6
DA:99,29
DA:100,43
DA:103,14
DA:104,13
DA:105,16
DA:107,2
DA:110,24
DA:111,25
DA:112,35
DA:113,44
DA:114,13
DA:115,55
DA:116,79
DA:117,29
DA:118,42
DA:119,45
DA:120,56
DA:121,0
DA:122,0
DA:123,10
DA:124,37
DA:125,8
DA:126,45
DA:127,11
DA:130,2
DA:131,2
DA:134,59
DA:135,27
DA:137,21
DA:138,59
DA:139,18
DA:140,49
DA:141,46
DA:142,40
DA:143,6
DA:144,44
DA:145,33
DA:146,63
DA:147,2
DA:149,12
DA:150,15
DA:151,29
DA:152,13
DA:153,14
DA:154,12
DA:155,36
DA:156,17
DA:157,6
DA:158,13
DA:159,20
DA:160,14
DA:161,1
LF:82
LH:80
end_of_record
TN:
SF:src/ops/bulk-create.ts
FNF:6
FNH:6
DA:3,37
DA:23,12
DA:24,49
DA:25,22
DA:26,24
DA:28,32
DA:29,54
DA:30,25
DA:31,13
DA:32,29
DA:34,2
DA:36,31
DA:37,52
DA:38,36
DA:39,21
DA:40,64
DA:42,63
DA:43,17
DA:44,77
DA:45,29
DA:46,45
DA:47,22
DA:48,24
DA:49,2
DA:52,28
DA:53,14
DA:73,6
DA:74,5
DA:75,7
DA:76,3
DA:77,18
DA:78,20
DA:81,41
DA:84,30
DA:86,32
DA:87,41
DA:88,11
DA:89,49
DA:90,32
DA:91,47
DA:92,60
DA:93,5
DA:94,19
DA:95,21
DA:96,23
DA:97,47
DA:98,9
DA:100,2
DA:103,37
DA:104,57
DA:105,53
DA:106,13
DA:107,65
DA:108,0
DA:109,0
DA:110,0
DA:111,0
DA:112,0
DA:113,0
DA:114,4
DA:116,2
DA:117,2
DA:119,12
DA:120,25
DA:121,26
DA:122,9
DA:123,8
DA:124,1
LF:68
LH:62
end_of_record
TN:
SF:src/ops/context.ts
FNF:12
FNH:12
DA:1,33
DA:5,48
DA:6,43
DA:7,44
DA:8,45
DA:67,6
DA:68,5
DA:69,9
DA:70,8
DA:71,3
DA:72,42
DA:73,57
DA:76,17
DA:77,17
DA:78,42
DA:79,87
DA:80,56
DA:81,11
DA:82,53
DA:85,33
DA:86,75
DA:87,2
DA:90,74
DA:92,24
DA:93,23
DA:94,24
DA:95,22
DA:97,34
DA:98,44
DA:99,26
DA:101,34
DA:102,20
DA:103,8
DA:104,4
DA:107,54
DA:108,36
DA:109,24
DA:112,43
DA:113,34
DA:114,34
DA:115,58
DA:116,28
DA:117,43
DA:118,6
DA:120,53
DA:122,61
DA:123,77
DA:124,80
DA:125,8
DA:127,83
DA:128,68
DA:129,42
DA:130,57
DA:131,8
DA:132,17
DA:134,42
DA:135,57
DA:136,32
DA:137,26
DA:138,31
DA:139,15
DA:140,28
DA:141,0
DA:142,21
DA:143,98
DA:144,61
DA:146,14
DA:148,4
DA:149,4
DA:152,18
DA:154,27
DA:155,30
DA:156,4
DA:159,68
DA:160,55
DA:161,33
DA:162,29
DA:163,42
DA:164,45
DA:165,69
DA:166,28
DA:167,5
DA:168,10
DA:169,37
DA:170,8
DA:171,25
DA:172,40
DA:173,6
DA:174,4
DA:175,4
DA:178,30
DA:179,72
DA:180,55
DA:181,33
DA:182,44
DA:183,29
DA:184,65
DA:185,44
DA:186,47
DA:187,40
DA:188,46
DA:189,56
DA:190,36
DA:191,50
DA:192,50
DA:193,43
DA:194,19
DA:195,14
DA:196,12
DA:197,10
DA:198,8
DA:199,8
DA:200,36
DA:201,39
DA:202,42
DA:203,6
DA:204,4
DA:205,4
DA:207,37
DA:208,89
DA:209,66
DA:212,28
DA:213,94
DA:214,13
DA:215,58
DA:216,48
DA:217,50
DA:218,4
DA:221,4
DA:223,52
DA:224,29
DA:226,23
DA:227,10
DA:228,27
DA:229,29
DA:230,34
DA:231,18
DA:232,20
DA:233,70
DA:234,5
DA:235,2
DA:237,12
DA:238,22
DA:239,15
DA:240,31
DA:241,27
DA:242,29
DA:243,22
DA:244,3
DA:245,1
DA:250,18
DA:251,32
DA:252,9
DA:253,44
DA:254,36
DA:255,0
DA:256,0
DA:260,1
DA:261,5
DA:262,12
DA:263,3
DA:264,87
DA:267,29
DA:268,34
DA:269,44
DA:270,53
DA:271,53
DA:272,43
DA:273,63
DA:274,36
DA:275,2
DA:276,2
DA:278,37
DA:280,9
DA:281,69
DA:282,69
DA:283,7
DA:284,24
DA:285,36
DA:286,35
DA:287,43
DA:288,23
DA:289,38
DA:290,38
DA:291,34
DA:292,33
DA:293,9
DA:294,28
DA:295,4
DA:296,10
DA:297,0
DA:298,1
DA:341,6
DA:342,5
DA:343,10
DA:344,3
DA:345,42
DA:346,26
DA:347,32
DA:350,26
DA:351,28
DA:352,54
DA:353,28
DA:354,32
DA:355,52
DA:356,26
DA:357,37
DA:358,4
DA:359,28
DA:360,2
DA:363,32
DA:364,28
DA:365,64
DA:367,20
DA:368,0
DA:369,0
DA:370,0
DA:371,0
DA:372,0
DA:373,0
DA:374,0
DA:375,0
DA:376,0
DA:377,0
DA:378,0
DA:379,0
DA:380,0
DA:383,0
DA:384,4
DA:385,32
DA:386,2
DA:389,41
DA:390,47
DA:391,27
DA:392,27
DA:395,31
DA:396,50
DA:397,50
DA:399,45
DA:400,40
DA:401,37
DA:402,38
DA:403,40
DA:404,49
DA:405,63
DA:406,10
DA:407,8
DA:408,6
DA:409,6
DA:412,62
DA:413,38
DA:414,43
DA:415,8
DA:416,39
DA:417,42
DA:418,8
DA:419,64
DA:422,36
DA:423,37
DA:424,59
DA:425,6
DA:426,45
DA:429,52
DA:430,17
DA:431,36
DA:432,34
DA:433,8
DA:436,36
DA:437,52
DA:438,24
DA:439,73
DA:440,8
DA:441,6
DA:444,4
DA:445,28
DA:446,26
DA:447,33
DA:448,15
DA:449,30
DA:450,9
DA:451,29
DA:452,29
DA:453,24
DA:454,22
DA:455,29
DA:456,22
DA:457,26
DA:458,9
DA:459,6
DA:462,54
DA:463,35
DA:464,29
DA:465,29
DA:466,9
DA:467,4
DA:468,2
DA:469,2
DA:471,43
DA:478,1
DA:479,5
DA:480,6
DA:481,6
DA:482,8
DA:483,8
DA:484,3
DA:485,75
DA:486,9
DA:487,2
DA:489,18
DA:490,30
DA:493,32
DA:494,11
DA:495,54
DA:496,50
DA:497,36
DA:498,52
DA:499,46
DA:500,59
DA:501,5
DA:502,0
DA:503,4
DA:504,2
DA:507,2
DA:510,32
DA:511,11
DA:512,54
DA:513,50
DA:514,27
DA:515,0
DA:516,0
DA:517,0
DA:518,0
DA:519,0
DA:520,4
DA:521,2
DA:524,2
DA:526,11
LF:337
LH:313
end_of_record
TN:
SF:src/ops/create.ts
FNF:11
FNH:10
DA:1,41
DA:2,36
DA:7,64
DA:8,56
DA:9,173
DA:17,45
DA:18,56
DA:19,64
DA:20,76
DA:21,65
DA:22,40
DA:23,69
DA:84,6
DA:85,5
DA:86,7
DA:87,3
DA:88,23
DA:89,27
DA:90,21
DA:91,21
DA:92,31
DA:93,31
DA:94,26
DA:95,5
DA:96,40
DA:97,23
DA:98,53
DA:99,41
DA:101,39
DA:102,19
DA:103,53
DA:104,18
DA:105,41
DA:106,4
DA:109,24
DA:110,46
DA:111,56
DA:112,52
DA:113,4
DA:116,57
DA:117,59
DA:118,4
DA:121,31
DA:122,44
DA:123,25
DA:124,35
DA:125,30
DA:126,7
DA:127,4
DA:129,27
DA:130,19
DA:131,29
DA:132,13
DA:133,26
DA:134,51
DA:135,86
DA:136,96
DA:137,90
DA:138,84
DA:139,6
DA:141,34
DA:142,49
DA:144,41
DA:146,33
DA:147,24
DA:148,37
DA:149,29
DA:150,56
DA:151,64
DA:152,67
DA:153,64
DA:155,25
DA:156,25
DA:157,35
DA:158,19
DA:159,29
DA:160,41
DA:161,59
DA:162,32
DA:163,16
DA:164,17
DA:165,21
DA:166,24
DA:167,12
DA:169,31
DA:170,63
DA:171,64
DA:172,10
DA:173,53
DA:174,79
DA:175,10
DA:176,63
DA:177,64
DA:178,8
DA:179,10
DA:180,41
DA:182,25
DA:183,60
DA:184,50
DA:186,0
DA:187,4
DA:189,3
DA:191,1
LF:103
LH:102
end_of_record
TN:
SF:src/ops/delete.ts
FNF:10
FNH:9
DA:2,63
DA:3,72
DA:4,44
DA:5,45
DA:6,46
DA:7,56
DA:8,76
DA:9,40
DA:10,69
DA:11,42
DA:34,6
DA:35,5
DA:36,9
DA:37,9
DA:38,3
DA:39,36
DA:40,52
DA:41,40
DA:43,35
DA:44,19
DA:45,53
DA:46,19
DA:47,32
DA:48,4
DA:51,52
DA:52,41
DA:53,30
DA:54,101
DA:55,1
DA:56,4
DA:60,69
DA:61,40
DA:62,46
DA:64,27
DA:65,46
DA:66,4
DA:67,4
DA:69,33
DA:70,24
DA:71,37
DA:72,29
DA:73,56
DA:74,67
DA:76,36
DA:78,33
DA:79,10
DA:80,26
DA:82,25
DA:84,44
DA:85,42
DA:86,19
DA:87,67
DA:88,59
DA:89,36
DA:90,88
DA:91,10
DA:94,8
DA:95,8
DA:98,52
DA:99,17
DA:100,58
DA:101,45
DA:102,64
DA:103,49
DA:104,84
DA:105,57
DA:106,41
DA:107,43
DA:108,23
DA:109,53
DA:111,87
DA:112,10
DA:113,8
DA:116,8
DA:118,45
DA:120,0
DA:121,0
DA:122,4
DA:124,3
DA:126,1
LF:80
LH:78
end_of_record
TN:
SF:src/ops/impact.ts
FNF:11
FNH:11
DA:3,43
DA:4,39
DA:35,6
DA:36,5
DA:37,7
DA:38,9
DA:39,3
DA:40,30
DA:41,51
DA:44,30
DA:45,52
DA:46,32
DA:47,66
DA:48,55
DA:49,45
DA:50,2
DA:51,2
DA:54,32
DA:55,39
DA:56,33
DA:57,47
DA:58,40
DA:59,17
DA:60,11
DA:61,45
DA:62,0
DA:63,4
DA:65,71
DA:67,32
DA:68,26
DA:69,40
DA:70,43
DA:71,32
DA:72,25
DA:73,5
DA:74,0
DA:75,6
DA:76,21
DA:77,42
DA:78,5
DA:79,0
DA:80,2
DA:81,2
DA:83,27
DA:84,30
DA:87,44
DA:88,25
DA:89,44
DA:90,51
DA:91,26
DA:92,10
DA:93,34
DA:94,25
DA:95,30
DA:96,33
DA:97,5
DA:98,2
DA:101,45
DA:102,25
DA:103,51
DA:104,26
DA:105,10
DA:106,28
DA:107,27
DA:108,26
DA:109,19
DA:110,5
DA:111,2
DA:114,34
DA:115,41
DA:116,91
DA:117,32
DA:118,74
DA:119,38
DA:120,53
DA:121,30
DA:122,24
DA:123,38
DA:124,33
DA:125,27
DA:126,22
DA:127,9
DA:128,4
DA:129,2
DA:130,2
DA:133,31
DA:134,33
DA:136,59
DA:137,32
DA:138,32
DA:139,4
DA:141,29
DA:142,13
DA:143,55
DA:144,39
DA:145,38
DA:146,46
DA:147,49
DA:148,38
DA:149,37
DA:150,12
DA:151,10
DA:152,8
DA:153,6
DA:154,4
DA:157,2
DA:158,2
DA:160,31
DA:161,30
DA:162,44
DA:164,24
DA:165,48
DA:166,41
DA:167,30
DA:168,23
DA:169,5
DA:170,4
DA:171,4
DA:172,20
DA:173,33
DA:174,2
DA:175,2
DA:178,53
DA:179,46
DA:180,38
DA:181,11
DA:182,45
DA:183,73
DA:185,16
DA:186,50
DA:187,25
DA:188,57
DA:189,21
DA:190,34
DA:191,23
DA:192,11
DA:193,23
DA:197,30
DA:198,75
DA:199,22
DA:200,79
DA:201,4
DA:202,2
DA:203,77
DA:204,22
DA:205,69
DA:206,4
DA:207,2
DA:208,79
DA:209,22
DA:210,61
DA:211,4
DA:212,2
DA:213,38
DA:214,22
DA:215,93
DA:216,4
DA:217,2
DA:219,72
DA:226,1
DA:227,5
DA:228,9
DA:229,3
DA:230,28
DA:232,56
DA:233,28
DA:235,16
DA:236,17
DA:237,30
DA:238,49
DA:239,24
DA:240,18
DA:241,23
DA:242,7
DA:243,28
DA:244,0
DA:245,13
DA:246,90
DA:247,30
DA:248,26
DA:250,2
DA:251,25
DA:274,6
DA:275,5
DA:276,13
DA:277,3
DA:278,44
DA:281,51
DA:282,40
DA:284,31
DA:285,76
DA:286,2
DA:289,48
DA:290,27
DA:292,36
DA:293,91
DA:294,65
DA:295,21
DA:296,84
DA:297,13
DA:299,46
DA:300,60
DA:302,2
DA:304,28
DA:305,23
DA:307,33
DA:308,63
DA:309,117
DA:310,51
DA:311,2
DA:313,48
DA:314,36
DA:315,2
DA:317,61
DA:319,77
LF:215
LH:211
end_of_record
TN:
SF:src/ops/link.ts
FNF:14
FNH:14
DA:1,39
DA:7,63
DA:8,78
DA:9,44
DA:10,44
DA:38,17
DA:39,36
DA:40,52
DA:41,44
DA:42,32
DA:43,2
DA:44,30
DA:51,13
DA:52,66
DA:53,30
DA:54,2
DA:63,6
DA:64,5
DA:65,8
DA:66,3
DA:67,57
DA:69,29
DA:71,48
DA:72,57
DA:73,41
DA:75,20
DA:76,34
DA:77,48
DA:78,24
DA:79,18
DA:80,23
DA:81,7
DA:83,25
DA:84,42
DA:85,8
DA:86,4
DA:88,95
DA:89,39
DA:90,2
DA:91,14
DA:103,6
DA:104,5
DA:105,12
DA:106,9
DA:107,3
DA:108,29
DA:110,23
DA:111,20
DA:114,67
DA:115,28
DA:116,43
DA:117,26
DA:118,53
DA:119,60
DA:120,2
DA:123,18
DA:124,41
DA:125,35
DA:126,44
DA:127,44
DA:128,55
DA:129,42
DA:130,43
DA:131,36
DA:132,29
DA:133,55
DA:134,5
DA:135,6
DA:136,4
DA:137,2
DA:138,2
DA:140,14
DA:147,6
DA:148,5
DA:149,13
DA:150,3
DA:151,44
DA:153,29
DA:155,23
DA:156,37
DA:157,51
DA:158,30
DA:159,26
DA:160,2
DA:161,2
DA:163,20
DA:164,28
DA:165,45
DA:166,33
DA:167,2
DA:168,14
DA:178,6
DA:179,5
DA:180,8
DA:181,3
DA:182,57
DA:184,29
DA:186,48
DA:187,57
DA:188,89
DA:190,45
DA:191,40
DA:193,20
DA:194,21
DA:195,16
DA:196,34
DA:197,48
DA:198,24
DA:199,18
DA:200,23
DA:201,7
DA:203,25
DA:204,57
DA:205,41
DA:206,6
DA:207,8
DA:208,4
DA:210,87
DA:211,18
DA:212,57
DA:213,47
DA:214,34
DA:215,13
DA:216,14
DA:218,2
DA:221,50
DA:222,38
DA:223,44
DA:224,15
DA:225,94
DA:226,13
DA:227,48
DA:228,58
DA:229,46
DA:230,4
DA:233,2
DA:234,2
DA:236,61
LF:138
LH:138
end_of_record
TN:
SF:src/ops/query.ts
FNF:20
FNH:20
DA:4,63
DA:5,51
DA:6,44
DA:7,46
DA:23,6
DA:24,5
DA:25,9
DA:26,9
DA:27,3
DA:28,40
DA:29,42
DA:30,49
DA:32,53
DA:34,20
DA:35,37
DA:37,31
DA:39,29
DA:40,53
DA:41,46
DA:43,65
DA:45,35
DA:46,39
DA:47,39
DA:48,63
DA:49,65
DA:51,41
DA:52,50
DA:53,64
DA:55,31
DA:56,21
DA:57,25
DA:58,32
DA:59,48
DA:60,9
DA:61,48
DA:62,2
DA:63,2
DA:65,14
DA:90,6
DA:91,5
DA:92,9
DA:93,8
DA:94,3
DA:95,36
DA:96,52
DA:97,76
DA:98,44
DA:100,21
DA:101,16
DA:102,0
DA:103,2
DA:105,56
DA:106,32
DA:107,25
DA:108,47
DA:109,26
DA:110,34
DA:111,26
DA:112,47
DA:113,26
DA:115,36
DA:116,20
DA:117,58
DA:118,2
DA:121,92
DA:124,21
DA:125,35
DA:126,37
DA:127,49
DA:128,88
DA:129,2
DA:132,64
DA:133,24
DA:134,35
DA:135,42
DA:136,63
DA:137,101
DA:138,23
DA:139,5
DA:140,2
DA:141,2
DA:143,79
DA:163,6
DA:164,5
DA:165,9
DA:166,8
DA:167,3
DA:168,36
DA:169,52
DA:170,76
DA:171,44
DA:173,26
DA:174,33
DA:175,56
DA:176,2
DA:177,14
DA:187,22
DA:188,33
DA:204,6
DA:205,5
DA:206,7
DA:207,9
DA:208,3
DA:209,45
DA:210,32
DA:212,35
DA:213,67
DA:214,61
DA:215,11
DA:216,2
DA:226,23
DA:227,36
DA:228,43
DA:253,6
DA:254,5
DA:255,9
DA:256,10
DA:257,3
DA:258,36
DA:259,43
DA:260,47
DA:262,56
DA:264,18
DA:265,57
DA:266,47
DA:268,14
DA:269,19
DA:270,27
DA:271,21
DA:272,25
DA:273,12
DA:274,75
DA:275,59
DA:276,3
DA:279,25
LF:135
LH:134
end_of_record
TN:
SF:src/ops/rename.ts
FNF:8
FNH:8
DA:1,49
DA:2,36
DA:6,78
DA:7,100
DA:8,44
DA:9,45
DA:10,49
DA:51,6
DA:52,5
DA:53,9
DA:54,9
DA:55,3
DA:56,39
DA:57,51
DA:58,39
DA:60,58
DA:61,62
DA:63,70
DA:66,60
DA:67,40
DA:68,34
DA:69,19
DA:70,86
DA:71,94
DA:74,41
DA:75,32
DA:76,35
DA:78,34
DA:79,44
DA:82,35
DA:83,72
DA:84,8
DA:85,6
DA:88,64
DA:89,87
DA:90,25
DA:91,70
DA:92,4
DA:93,4
DA:96,34
DA:97,44
DA:98,51
DA:99,40
DA:100,4
DA:101,4
DA:103,59
DA:104,43
DA:106,52
DA:107,20
DA:108,28
DA:109,63
DA:110,22
DA:111,6
DA:112,43
DA:114,41
DA:115,11
DA:119,19
DA:120,72
DA:121,38
DA:122,8
DA:125,34
DA:126,28
DA:127,21
DA:128,25
DA:129,29
DA:130,23
DA:131,24
DA:132,9
DA:135,44
DA:136,15
DA:137,59
DA:138,55
DA:139,30
DA:142,45
DA:143,42
DA:144,25
DA:145,10
DA:148,37
DA:149,89
DA:150,75
DA:151,49
DA:152,27
DA:153,10
DA:154,10
DA:156,25
DA:157,84
DA:158,8
DA:159,6
DA:162,4
DA:163,0
DA:165,0
DA:166,0
DA:167,0
DA:168,0
DA:169,0
DA:170,0
DA:171,0
DA:172,0
DA:173,4
DA:176,66
DA:177,42
DA:178,53
DA:179,4
DA:180,14
DA:183,1
LF:105
LH:96
end_of_record
TN:
SF:src/ops/safe.ts
FNF:9
FNH:9
DA:2,50
DA:26,9
DA:27,74
DA:30,29
DA:32,9
DA:33,33
DA:34,16
DA:35,20
DA:36,28
DA:37,2
DA:38,13
DA:47,6
DA:48,4
DA:49,8
DA:50,3
DA:51,80
DA:53,16
DA:54,59
DA:55,11
DA:56,35
DA:57,19
DA:58,32
DA:59,9
DA:60,6
DA:61,22
DA:62,34
DA:63,71
DA:64,29
DA:65,6
DA:67,2
DA:68,16
DA:75,6
DA:76,5
DA:77,5
DA:78,3
DA:79,3
DA:80,33
DA:81,51
DA:83,14
DA:84,45
DA:85,20
DA:86,4
DA:87,26
DA:89,13
DA:91,9
DA:92,43
DA:93,5
DA:94,14
DA:95,38
DA:96,22
DA:97,3
DA:107,6
DA:108,8
DA:109,3
DA:110,55
DA:112,28
DA:114,9
DA:115,22
DA:116,17
DA:117,11
DA:118,30
DA:119,23
DA:120,45
DA:122,11
DA:125,13
LF:65
LH:65
end_of_record
TN:
SF:src/ops/spec-sync.ts
FNF:22
FNH:22
DA:3,59
DA:4,41
DA:5,52
DA:32,13
DA:33,57
DA:35,29
DA:37,81
DA:38,18
DA:39,24
DA:40,23
DA:41,25
DA:44,33
DA:45,35
DA:46,46
DA:47,80
DA:48,2
DA:49,2
DA:51,35
DA:52,37
DA:53,30
DA:56,49
DA:57,17
DA:58,28
DA:59,78
DA:60,6
DA:61,8
DA:62,4
DA:65,37
DA:68,61
DA:69,35
DA:70,60
DA:71,6
DA:72,25
DA:73,22
DA:74,8
DA:75,4
DA:78,25
DA:79,49
DA:80,27
DA:81,18
DA:82,26
DA:83,7
DA:84,35
DA:86,21
DA:87,13
DA:88,26
DA:89,62
DA:90,8
DA:91,42
DA:95,24
DA:96,79
DA:97,56
DA:98,6
DA:99,55
DA:100,14
DA:101,76
DA:102,2
DA:105,27
DA:106,39
DA:107,33
DA:108,59
DA:109,32
DA:110,65
DA:111,43
DA:112,86
DA:113,4
DA:114,2
DA:115,2
DA:117,73
DA:145,6
DA:146,5
DA:147,6
DA:148,3
DA:149,57
DA:151,29
DA:153,57
DA:154,46
DA:155,5
DA:157,18
DA:158,17
DA:159,21
DA:161,34
DA:163,56
DA:164,58
DA:165,66
DA:167,40
DA:169,32
DA:170,45
DA:172,70
DA:173,52
DA:174,60
DA:175,64
DA:176,10
DA:177,55
DA:178,10
DA:179,69
DA:180,18
DA:181,24
DA:182,32
DA:183,18
DA:184,29
DA:185,27
DA:186,39
DA:187,29
DA:188,9
DA:189,49
DA:191,70
DA:192,52
DA:193,60
DA:194,73
DA:195,0
DA:196,0
DA:197,10
DA:198,69
DA:199,18
DA:200,24
DA:201,32
DA:202,18
DA:203,29
DA:204,35
DA:205,39
DA:206,27
DA:207,9
DA:208,51
DA:209,17
DA:210,24
DA:211,32
DA:212,18
DA:213,29
DA:214,24
DA:215,26
DA:216,29
DA:217,9
DA:218,5
DA:219,2
DA:220,2
DA:222,45
DA:247,6
DA:248,5
DA:249,8
DA:250,3
DA:251,57
DA:253,29
DA:255,56
DA:256,28
DA:257,77
DA:258,2
DA:261,32
DA:262,46
DA:263,41
DA:264,0
DA:265,0
DA:266,0
DA:267,0
DA:268,0
DA:269,0
DA:270,0
DA:271,0
DA:272,0
DA:273,0
DA:274,0
DA:277,2
DA:279,19
DA:280,17
DA:281,30
DA:282,32
DA:284,30
DA:285,31
DA:286,53
DA:288,48
DA:289,24
DA:290,18
DA:291,23
DA:292,7
DA:294,34
DA:295,15
DA:296,8
DA:297,4
DA:299,87
DA:300,29
DA:301,20
DA:302,2
DA:306,26
DA:307,36
DA:309,24
DA:310,41
DA:311,0
DA:312,0
DA:313,0
DA:314,0
DA:315,0
DA:316,4
DA:317,29
DA:320,45
DA:322,59
DA:323,34
DA:324,37
DA:325,40
DA:326,37
DA:327,68
DA:328,4
DA:329,2
DA:330,2
DA:332,12
DA:333,27
DA:334,13
DA:335,11
DA:336,55
DA:337,14
DA:338,2
DA:371,6
DA:372,5
DA:373,8
DA:374,3
DA:375,22
DA:377,29
DA:379,31
DA:380,31
DA:381,54
DA:382,57
DA:385,69
DA:388,30
DA:391,39
DA:392,33
DA:393,59
DA:394,32
DA:395,51
DA:396,2
DA:397,2
DA:400,32
DA:401,25
DA:402,35
DA:403,44
DA:404,13
DA:405,55
DA:406,54
DA:407,42
DA:408,45
DA:409,72
DA:410,34
DA:411,8
DA:412,7
DA:413,11
DA:416,2
DA:417,2
DA:420,18
DA:421,15
DA:422,22
DA:423,11
DA:424,51
DA:425,39
DA:426,71
DA:427,44
DA:428,0
DA:429,0
DA:430,6
DA:434,47
DA:435,44
DA:436,41
DA:437,44
DA:438,4
DA:439,11
DA:440,4
DA:443,23
DA:444,23
DA:446,36
DA:448,53
DA:449,65
DA:450,72
DA:451,4
DA:452,57
DA:454,33
DA:456,80
DA:458,57
DA:460,21
DA:462,77
DA:463,39
DA:464,6
DA:467,67
DA:469,52
DA:471,24
DA:472,22
DA:473,25
DA:474,23
DA:475,43
DA:476,7
DA:477,2
DA:478,2
DA:480,57
DA:482,12
DA:483,17
DA:484,19
DA:485,14
DA:486,66
DA:487,2
DA:513,6
DA:514,5
DA:515,8
DA:516,3
DA:517,22
DA:519,39
DA:520,42
DA:523,57
DA:524,33
DA:527,75
DA:529,49
DA:531,68
DA:533,34
DA:534,51
DA:535,23
DA:536,36
DA:537,1
DA:540,11
DA:541,54
DA:542,47
DA:543,30
DA:547,39
DA:548,57
DA:551,35
DA:552,33
DA:553,40
DA:554,11
DA:555,53
DA:556,37
DA:557,42
DA:558,58
DA:559,6
DA:560,4
DA:561,2
DA:564,2
DA:566,25
DA:568,49
DA:569,32
DA:570,38
DA:573,52
DA:574,64
DA:577,52
DA:581,40
DA:582,22
DA:583,26
DA:584,50
DA:585,38
DA:586,25
DA:587,5
DA:588,0
DA:589,6
DA:590,31
DA:591,4
DA:594,57
DA:597,38
DA:600,15
DA:601,52
DA:602,57
DA:603,43
DA:604,29
DA:605,5
DA:606,4
DA:607,4
DA:609,24
DA:610,19
DA:611,41
DA:612,28
DA:613,12
DA:614,30
DA:615,84
DA:616,18
DA:617,89
DA:618,63
DA:619,5
DA:620,2
DA:622,18
LF:371
LH:350
end_of_record
TN:
SF:src/ops/sync.ts
FNF:27
FNH:27
DA:1,37
DA:5,48
DA:6,44
DA:7,57
DA:8,51
DA:10,56
DA:11,64
DA:12,76
DA:13,65
DA:14,40
DA:38,23
DA:39,48
DA:40,53
DA:41,39
DA:43,17
DA:44,8
DA:45,42
DA:46,40
DA:47,36
DA:48,48
DA:49,45
DA:50,2
DA:51,8
DA:52,24
DA:53,13
DA:54,16
DA:55,4
DA:57,31
DA:58,23
DA:59,50
DA:60,58
DA:61,61
DA:62,58
DA:64,25
DA:65,75
DA:66,64
DA:67,73
DA:68,4
DA:78,6
DA:79,5
DA:80,8
DA:81,3
DA:82,44
DA:83,44
DA:84,23
DA:85,76
DA:86,23
DA:87,2
DA:90,28
DA:91,29
DA:92,20
DA:94,38
DA:95,11
DA:96,52
DA:97,43
DA:98,32
DA:99,69
DA:100,32
DA:101,36
DA:102,15
DA:103,40
DA:105,19
DA:106,44
DA:108,2
DA:111,43
DA:112,36
DA:113,21
DA:114,17
DA:115,93
DA:116,7
DA:117,2
DA:118,2
DA:121,33
DA:122,45
DA:123,50
DA:124,2
DA:126,17
DA:127,24
DA:128,66
DA:130,58
DA:131,53
DA:132,41
DA:133,54
DA:134,6
DA:136,46
DA:137,32
DA:138,43
DA:139,15
DA:140,15
DA:141,68
DA:143,2
DA:144,2
DA:146,26
DA:153,6
DA:154,5
DA:155,8
DA:156,3
DA:157,44
DA:158,44
DA:159,23
DA:160,76
DA:161,23
DA:162,2
DA:164,37
DA:165,37
DA:166,59
DA:168,67
DA:169,65
DA:170,29
DA:171,15
DA:172,83
DA:173,36
DA:174,2
DA:175,26
DA:177,22
DA:180,28
DA:181,30
DA:182,30
DA:183,2
DA:185,30
DA:187,48
DA:188,23
DA:189,28
DA:190,25
DA:191,46
DA:192,7
DA:193,4
DA:196,52
DA:197,23
DA:198,30
DA:199,25
DA:200,54
DA:201,7
DA:202,4
DA:205,51
DA:206,47
DA:207,63
DA:208,25
DA:209,43
DA:210,27
DA:211,91
DA:212,9
DA:213,4
DA:214,4
DA:217,62
DA:218,35
DA:219,62
DA:220,25
DA:221,34
DA:222,27
DA:223,69
DA:224,9
DA:225,4
DA:226,4
DA:229,35
DA:230,37
DA:231,30
DA:232,55
DA:233,53
DA:234,29
DA:235,40
DA:236,31
DA:237,81
DA:238,13
DA:239,8
DA:240,6
DA:241,4
DA:242,2
DA:243,2
DA:246,30
DA:247,59
DA:248,64
DA:249,35
DA:250,25
DA:251,29
DA:252,27
DA:253,56
DA:254,9
DA:255,4
DA:256,2
DA:257,2
DA:262,63
DA:263,54
DA:264,60
DA:265,37
DA:266,37
DA:269,66
DA:271,51
DA:272,51
DA:274,29
DA:275,36
DA:276,38
DA:277,27
DA:278,31
DA:279,19
DA:282,19
DA:283,45
DA:284,45
DA:286,56
DA:287,53
DA:288,12
DA:289,18
DA:293,6
DA:294,6
DA:296,36
DA:297,25
DA:298,35
DA:299,25
DA:300,79
DA:301,9
DA:302,4
DA:303,2
DA:304,2
DA:307,30
DA:308,31
DA:309,64
DA:310,88
DA:311,87
DA:312,64
DA:313,65
DA:314,48
DA:315,41
DA:316,8
DA:318,34
DA:319,31
DA:320,24
DA:321,41
DA:322,86
DA:323,34
DA:324,6
DA:325,52
DA:326,25
DA:327,31
DA:328,27
DA:329,78
DA:330,9
DA:331,4
DA:332,2
DA:333,2
DA:335,61
DA:343,22
DA:344,36
DA:345,42
DA:346,46
DA:348,35
DA:349,19
DA:350,26
DA:351,25
DA:353,58
DA:354,35
DA:355,19
DA:356,63
DA:358,16
DA:359,17
DA:360,25
DA:361,23
DA:362,22
DA:363,45
DA:364,71
DA:365,42
DA:366,32
DA:367,36
DA:368,4
DA:370,60
DA:371,41
DA:372,20
DA:379,24
DA:380,57
DA:381,18
DA:382,43
DA:383,40
DA:384,1
LF:272
LH:272
end_of_record
TN:
SF:src/ops/update.ts
FNF:20
FNH:18
DA:10,63
DA:11,72
DA:12,232
DA:22,44
DA:23,45
DA:24,56
DA:25,64
DA:26,76
DA:27,65
DA:28,66
DA:29,40
DA:30,69
DA:31,42
DA:101,6
DA:102,5
DA:103,9
DA:104,8
DA:105,3
DA:106,71
DA:107,76
DA:108,2
DA:109,23
DA:110,28
DA:111,22
DA:112,35
DA:113,45
DA:114,45
DA:115,27
DA:116,5
DA:117,36
DA:118,52
DA:120,35
DA:121,19
DA:122,46
DA:123,32
DA:124,4
DA:126,49
DA:127,43
DA:128,32
DA:129,4
DA:131,37
DA:132,29
DA:133,24
DA:135,71
DA:136,37
DA:137,28
DA:138,4
DA:139,39
DA:140,36
DA:141,25
DA:142,15
DA:143,49
DA:144,58
DA:145,53
DA:146,38
DA:148,4
DA:149,41
DA:150,33
DA:151,0
DA:152,15
DA:153,42
DA:155,4
DA:156,37
DA:157,82
DA:158,65
DA:159,4
DA:160,42
DA:161,97
DA:162,14
DA:163,60
DA:164,44
DA:166,4
DA:167,42
DA:168,97
DA:169,49
DA:170,4
DA:173,66
DA:174,55
DA:175,53
DA:176,5
DA:177,96
DA:178,11
DA:179,8
DA:180,39
DA:181,117
DA:182,30
DA:183,4
DA:184,4
DA:187,39
DA:188,32
DA:189,4
DA:192,96
DA:193,44
DA:194,24
DA:195,34
DA:196,29
DA:197,7
DA:198,4
DA:200,17
DA:201,77
DA:202,30
DA:203,59
DA:204,44
DA:205,65
DA:206,33
DA:207,77
DA:208,8
DA:209,31
DA:210,113
DA:211,8
DA:212,60
DA:213,6
DA:214,42
DA:215,43
DA:216,27
DA:217,13
DA:218,33
DA:220,65
DA:222,41
DA:224,47
DA:225,24
DA:226,37
DA:227,29
DA:228,56
DA:229,64
DA:230,67
DA:231,64
DA:232,66
DA:234,25
DA:235,16
DA:236,34
DA:237,32
DA:238,28
DA:239,40
DA:240,76
DA:241,27
DA:242,21
DA:243,24
DA:244,12
DA:245,31
DA:248,36
DA:249,81
DA:250,144
DA:251,10
DA:252,82
DA:253,143
DA:254,10
DA:255,65
DA:256,0
DA:257,10
DA:258,88
DA:259,149
DA:260,10
DA:261,47
DA:262,182
DA:263,10
DA:264,144
DA:265,123
DA:266,10
DA:268,48
DA:269,67
DA:270,222
DA:271,10
DA:272,43
DA:273,56
DA:274,197
DA:275,10
DA:276,48
DA:277,67
DA:278,222
DA:279,8
DA:280,10
DA:281,37
DA:282,62
DA:283,15
DA:285,25
DA:286,50
DA:288,0
DA:289,4
DA:291,7
DA:292,14
DA:294,2
DA:309,6
DA:310,5
DA:311,9
DA:312,8
DA:313,8
DA:314,3
DA:315,36
DA:316,52
DA:318,35
DA:319,19
DA:320,46
DA:321,32
DA:322,4
DA:324,49
DA:325,43
DA:326,32
DA:327,4
DA:330,31
DA:331,44
DA:332,39
DA:333,49
DA:334,44
DA:335,7
DA:336,4
DA:338,49
DA:339,20
DA:340,15
DA:341,54
DA:342,22
DA:343,6
DA:345,41
DA:347,33
DA:348,24
DA:349,37
DA:350,29
DA:351,56
DA:352,66
DA:354,51
DA:355,22
DA:356,41
DA:357,13
DA:358,16
DA:359,49
DA:360,19
DA:361,43
DA:362,55
DA:363,44
DA:364,2
DA:365,16
DA:366,31
DA:367,21
DA:368,24
DA:369,11
DA:370,31
DA:373,38
DA:374,68
DA:375,36
DA:376,27
DA:377,30
DA:378,34
DA:379,23
DA:380,29
DA:381,30
DA:382,13
DA:383,8
DA:384,10
DA:386,32
DA:388,25
DA:389,50
DA:391,0
DA:392,4
DA:394,3
DA:396,1
LF:255
LH:251
end_of_record
TN:
SF:src/setup.ts
FNF:4
FNH:4
DA:1,42
DA:2,39
DA:3,61
DA:4,55
DA:5,63
DA:6,75
DA:7,64
DA:8,65
DA:19,17
DA:20,47
DA:22,14
DA:23,29
DA:24,11
DA:25,30
DA:26,39
DA:27,37
DA:28,8
DA:29,43
DA:30,41
DA:31,69
DA:32,9
DA:33,27
DA:34,95
DA:35,26
DA:36,15
DA:37,28
DA:39,17
DA:40,98
DA:41,26
DA:43,2
DA:45,12
DA:46,31
DA:47,37
DA:48,7
DA:49,44
DA:50,52
DA:51,64
DA:52,52
DA:53,54
DA:54,49
DA:55,58
DA:56,9
DA:57,2
DA:66,13
DA:67,29
DA:68,17
LF:46
LH:46
end_of_record
TN:
SF:test/helpers.ts
FNF:4
FNH:4
DA:1,54
DA:2,33
DA:3,33
DA:5,61
DA:13,10
DA:14,66
DA:15,41
DA:16,45
DA:18,38
DA:19,13
DA:20,20
DA:21,5
DA:23,12
DA:24,8
DA:25,13
DA:26,20
DA:27,35
DA:28,58
DA:30,1
LF:19
LH:19
end_of_record
